# Test Sensor
000000000;1234567890;0;Tx; 
000000000;1234567890;1;Geber P1; 
000000000;1234567890;2;Geber P2; 
000000000;1234567890;3;Geber P3; 
000000000;1234567890;54;P4; 
000000000;2222222222;0;TESTsensor;
000000000;2222222222;1;signal A;
000000000;2222222222;2;signal B;V
000000001;2222222222;1;4;3;0015;2;1;1;581
-- bla bla
000000001;1234567890;1;1;0;60;2;1;0;50;3;1;0;50;54;1;3;1000; 
000000001;2222222222;1;4;3;1016;2;1;1;581
000001001;1234567890;1;1;0;80;2;1;0;49;3;1;0;51;54;1;3;600; 
000002001;2222222222;1;4;3;2017;2;1;1;581
000002001;1234567890;1;1;0;50;2;1;0;48;3;1;0;52;54;1;3;-200; 
-- here you have a sensor lost signal, because time gap >4000
000007001;2222222222;1;4;3;7030;2;1;1;581
000007001;1234567890;1;1;0;50;2;1;0;47;3;1;0;53;54;1;3;-1000;
000008001;2222222222;1;4;3;8030;2;1;1;581
000008001;1234567890;1;1;0;40;2;1;0;46;3;1;0;54;54;1;3;-800;
000009347;2222222222;1;4;3;9330;2;1;1;581
000009456;1234567890;1;1;0;50;2;1;0;45;3;1;0;55;54;1;3;10;
-

